<?xml version="1.0" encoding="UTF-8"?>
<!-- Generated by org.testng.reporters.JUnitReportReporter -->
<testsuite hostname="LAPTOP-VRHL0L32" failures="0" tests="3" name="com.juaracoding.financeApp.StepDefinitions" time="86.263" errors="0" timestamp="2022-04-09T12:27:14 WIB" skipped="0">
  <testcase classname="com.juaracoding.financeApp.StepDefinitions" name="testOpenApp" time="18.280"/>
  <system-out/>
  <testcase classname="com.juaracoding.financeApp.StepDefinitions" name="testOutcome" time="41.480"/>
  <system-out/>
  <testcase classname="com.juaracoding.financeApp.StepDefinitions" name="testIncome" time="26.503"/>
  <system-out/>
</testsuite> <!-- com.juaracoding.financeApp.StepDefinitions -->
